<?xml version="1.0" encoding="UTF-8"?>
<testng-results ignored="0" total="1" passed="1" failed="0" skipped="0">
  <reporter-output>
  </reporter-output>
  <suite started-at="2024-04-13T12:45:07 IST" name="Default suite" finished-at="2024-04-13T12:45:07 IST" duration-ms="48">
    <groups>
    </groups>
    <test started-at="2024-04-13T12:45:07 IST" name="Default test" finished-at="2024-04-13T12:45:07 IST" duration-ms="48">
      <class name="Practice">
        <test-method signature="xyz()[pri:0, instance:Practice@5b03b9fe]" started-at="2024-04-13T12:45:07 IST" name="xyz" finished-at="2024-04-13T12:45:07 IST" duration-ms="6" status="PASS">
          <reporter-output>
          </reporter-output>
        </test-method> <!-- xyz -->
      </class> <!-- Practice -->
    </test> <!-- Default test -->
  </suite> <!-- Default suite -->
</testng-results>
